    "event_data": {
      "SubjectUserSid": "S-1-5-21-3583694148-1414552638-2922671848-1000",
      "SubjectUserName": "IEUser",
      "SubjectDomainName": "PC01",
      "SubjectLogonId": "0x27df8",
      "ObjectType": "File",
      "IpAddress": "::1",
      "IpPort": "49160",
      "ShareName": "\\\\*\\C$",
      "ShareLocalPath": "\\??\\C:\\",
      "RelativeTargetName": "Windows",
      "AccessMask": "0x100080",
      "AccessList": "%%1541\r\n\t\t\t\t%%4423",
      "AccessReason": "-"
    },
    "raw_event": {
      "#attributes": {
        "xmlns": "http://schemas.microsoft.com/win/2004/08/events/event"
      },
      "System": {
        "Provider": {
          "#attributes": {
            "Name": "Microsoft-Windows-Security-Auditing",
            "Guid": "54849625-5478-4994-A5BA-3E3B0328C30D"
          }
        },
        "EventID": 5145,
        "Version": 0,
        "Level": 0,
        "Task": 12811,
        "Opcode": 0,
        "Keywords": "0x8020000000000000",
        "TimeCreated": {
          "#attributes": {
            "SystemTime": "2019-02-16T18:19:18.442326Z"
          }
        },
        "EventRecordID": 237981,
        "Correlation": null,
        "Execution": {
          "#attributes": {
            "ProcessID": 528,
            "ThreadID": 548
          }
        },
        "Channel": "Security",
        "Computer": "PC01.example.corp",
        "Security": null
      },
      "EventData": {
        "SubjectUserSid": "S-1-5-21-3583694148-1414552638-2922671848-1000",
        "SubjectUserName": "IEUser",
        "SubjectDomainName": "PC01",
        "SubjectLogonId": "0x27df8",
        "ObjectType": "File",
        "IpAddress": "::1",
        "IpPort": "49160",
        "ShareName": "\\\\*\\C$",
        "ShareLocalPath": "\\??\\C:\\",
        "RelativeTargetName": "Windows",
        "AccessMask": "0x100080",
        "AccessList": "%%1541\r\n\t\t\t\t%%4423",
        "AccessReason": "-"
      }
    }
  },
  {
    "event_record_id": 23,
    "@timestamp": "2019-02-16T18:19:18.442326Z",
    "event_id": 5145,
    "level": 0,
    "channel": "Security",
    "computer": "PC01.example.corp",
    "provider": "Microsoft-Windows-Security-Auditing",
    "event_data": {
      "SubjectUserSid": "S-1-5-21-3583694148-1414552638-2922671848-1000",
      "SubjectUserName": "IEUser",
      "SubjectDomainName": "PC01",
      "SubjectLogonId": "0x27df8",
      "ObjectType": "File",
      "IpAddress": "::1",
      "IpPort": "49160",
      "ShareName": "\\\\*\\C$",
      "ShareLocalPath": "\\??\\C:\\",
      "RelativeTargetName": "Windows",
      "AccessMask": "0x100080",
      "AccessList": "%%1541\r\n\t\t\t\t%%4423",
      "AccessReason": "-"
    },
    "raw_event": {
      "#attributes": {
        "xmlns": "http://schemas.microsoft.com/win/2004/08/events/event"
      },
      "System": {
        "Provider": {
          "#attributes": {
            "Name": "Microsoft-Windows-Security-Auditing",
            "Guid": "54849625-5478-4994-A5BA-3E3B0328C30D"
          }
        },
        "EventID": 5145,
        "Version": 0,
        "Level": 0,
        "Task": 12811,
        "Opcode": 0,
        "Keywords": "0x8020000000000000",
        "TimeCreated": {
          "#attributes": {
            "SystemTime": "2019-02-16T18:19:18.442326Z"
          }
        },
        "EventRecordID": 237982,
        "Correlation": null,
        "Execution": {
          "#attributes": {
            "ProcessID": 528,
            "ThreadID": 548
          }
        },
        "Channel": "Security",
        "Computer": "PC01.example.corp",
        "Security": null
      },
      "EventData": {
        "SubjectUserSid": "S-1-5-21-3583694148-1414552638-2922671848-1000",
        "SubjectUserName": "IEUser",
        "SubjectDomainName": "PC01",
        "SubjectLogonId": "0x27df8",
        "ObjectType": "File",
        "IpAddress": "::1",
        "IpPort": "49160",
        "ShareName": "\\\\*\\C$",
        "ShareLocalPath": "\\??\\C:\\",
        "RelativeTargetName": "Windows",
        "AccessMask": "0x100080",
        "AccessList": "%%1541\r\n\t\t\t\t%%4423",
        "AccessReason": "-"
      }
    }
  },
  {
    "event_record_id": 24,
    "@timestamp": "2019-02-16T18:19:18.442326Z",
    "event_id": 5145,
    "level": 0,
    "channel": "Security",
    "computer": "PC01.example.corp",
    "provider": "Microsoft-Windows-Security-Auditing",
    "event_data": {
      "SubjectUserSid": "S-1-5-21-3583694148-1414552638-2922671848-1000",
      "SubjectUserName": "IEUser",
      "SubjectDomainName": "PC01",
      "SubjectLogonId": "0x27df8",
      "ObjectType": "File",
      "IpAddress": "::1",
      "IpPort": "49160",
      "ShareName": "\\\\*\\C$",
      "ShareLocalPath": "\\??\\C:\\",
      "RelativeTargetName": "Windows",
      "AccessMask": "0x100080",
      "AccessList": "%%1541\r\n\t\t\t\t%%4423",
      "AccessReason": "-"
    },
    "raw_event": {
      "#attributes": {
        "xmlns": "http://schemas.microsoft.com/win/2004/08/events/event"
      },
      "System": {
        "Provider": {
          "#attributes": {
            "Name": "Microsoft-Windows-Security-Auditing",
            "Guid": "54849625-5478-4994-A5BA-3E3B0328C30D"
          }
        },
        "EventID": 5145,
        "Version": 0,
        "Level": 0,
        "Task": 12811,
        "Opcode": 0,
        "Keywords": "0x8020000000000000",
        "TimeCreated": {
          "#attributes": {
            "SystemTime": "2019-02-16T18:19:18.442326Z"
          }
        },
        "EventRecordID": 237983,
        "Correlation": null,
        "Execution": {
          "#attributes": {
            "ProcessID": 528,
            "ThreadID": 548
          }
        },
        "Channel": "Security",
        "Computer": "PC01.example.corp",
        "Security": null
      },
      "EventData": {
        "SubjectUserSid": "S-1-5-21-3583694148-1414552638-2922671848-1000",
        "SubjectUserName": "IEUser",
        "SubjectDomainName": "PC01",
        "SubjectLogonId": "0x27df8",
        "ObjectType": "File",
        "IpAddress": "::1",
        "IpPort": "49160",
        "ShareName": "\\\\*\\C$",
        "ShareLocalPath": "\\??\\C:\\",
        "RelativeTargetName": "Windows",
        "AccessMask": "0x100080",
        "AccessList": "%%1541\r\n\t\t\t\t%%4423",
        "AccessReason": "-"
      }
    }
  },
  {
    "event_record_id": 25,
    "@timestamp": "2019-02-16T18:19:18.442326Z",
    "event_id": 5145,
    "level": 0,
    "channel": "Security",
    "computer": "PC01.example.corp",
    "provider": "Microsoft-Windows-Security-Auditing",
    "event_data": {
      "SubjectUserSid": "S-1-5-21-3583694148-1414552638-2922671848-1000",
      "SubjectUserName": "IEUser",
      "SubjectDomainName": "PC01",
      "SubjectLogonId": "0x27df8",
      "ObjectType": "File",
      "IpAddress": "::1",
      "IpPort": "49160",
      "ShareName": "\\\\*\\C$",
      "ShareLocalPath": "\\??\\C:\\",
      "RelativeTargetName": "\\",
      "AccessMask": "0x100080",
      "AccessList": "%%1541\r\n\t\t\t\t%%4423",
      "AccessReason": "-"
    },
    "raw_event": {
      "#attributes": {
        "xmlns": "http://schemas.microsoft.com/win/2004/08/events/event"
      },
      "System": {
        "Provider": {
          "#attributes": {
            "Name": "Microsoft-Windows-Security-Auditing",
            "Guid": "54849625-5478-4994-A5BA-3E3B0328C30D"
          }
        },
        "EventID": 5145,
        "Version": 0,
        "Level": 0,
        "Task": 12811,
        "Opcode": 0,
        "Keywords": "0x8020000000000000",
        "TimeCreated": {
          "#attributes": {
            "SystemTime": "2019-02-16T18:19:18.442326Z"
          }
        },
        "EventRecordID": 237984,
        "Correlation": null,
        "Execution": {
          "#attributes": {
            "ProcessID": 528,
            "ThreadID": 548
          }
        },
        "Channel": "Security",
        "Computer": "PC01.example.corp",
        "Security": null
      },
      "EventData": {
        "SubjectUserSid": "S-1-5-21-3583694148-1414552638-2922671848-1000",
        "SubjectUserName": "IEUser",
        "SubjectDomainName": "PC01",
        "SubjectLogonId": "0x27df8",
        "ObjectType": "File",
        "IpAddress": "::1",
        "IpPort": "49160",
        "ShareName": "\\\\*\\C$",
        "ShareLocalPath": "\\??\\C:\\",
        "RelativeTargetName": "\\",
        "AccessMask": "0x100080",
        "AccessList": "%%1541\r\n\t\t\t\t%%4423",
        "AccessReason": "-"
      }
    }
  },
  {
    "event_record_id": 26,
    "@timestamp": "2019-02-16T18:19:18.442326Z",
    "event_id": 5145,
    "level": 0,
    "channel": "Security",
    "computer": "PC01.example.corp",
    "provider": "Microsoft-Windows-Security-Auditing",
    "event_data": {
      "SubjectUserSid": "S-1-5-21-3583694148-1414552638-2922671848-1000",
      "SubjectUserName": "IEUser",
      "SubjectDomainName": "PC01",
      "SubjectLogonId": "0x27df8",
      "ObjectType": "File",
      "IpAddress": "::1",
      "IpPort": "49160",
      "ShareName": "\\\\*\\C$",
      "ShareLocalPath": "\\??\\C:\\",
      "RelativeTargetName": "\\",
      "AccessMask": "0x100080",
      "AccessList": "%%1541\r\n\t\t\t\t%%4423",
      "AccessReason": "-"
    },
    "raw_event": {
      "#attributes": {
        "xmlns": "http://schemas.microsoft.com/win/2004/08/events/event"
      },
      "System": {
        "Provider": {
          "#attributes": {
            "Name": "Microsoft-Windows-Security-Auditing",
            "Guid": "54849625-5478-4994-A5BA-3E3B0328C30D"
          }
        },
        "EventID": 5145,
        "Version": 0,
        "Level": 0,
        "Task": 12811,
        "Opcode": 0,
        "Keywords": "0x8020000000000000",
        "TimeCreated": {
          "#attributes": {
            "SystemTime": "2019-02-16T18:19:18.442326Z"
          }
        },
        "EventRecordID": 237985,
        "Correlation": null,
        "Execution": {
          "#attributes": {
            "ProcessID": 528,
            "ThreadID": 548
          }
        },
        "Channel": "Security",
        "Computer": "PC01.example.corp",
        "Security": null
      },
      "EventData": {
        "SubjectUserSid": "S-1-5-21-3583694148-1414552638-2922671848-1000",
        "SubjectUserName": "IEUser",
        "SubjectDomainName": "PC01",
        "SubjectLogonId": "0x27df8",
        "ObjectType": "File",
        "IpAddress": "::1",
        "IpPort": "49160",
        "ShareName": "\\\\*\\C$",
        "ShareLocalPath": "\\??\\C:\\",
        "RelativeTargetName": "\\",
        "AccessMask": "0x100080",
        "AccessList": "%%1541\r\n\t\t\t\t%%4423",
        "AccessReason": "-"
      }
    }
  },
  {
    "event_record_id": 27,
    "@timestamp": "2019-02-16T18:19:18.442326Z",
    "event_id": 5145,
    "level": 0,
    "channel": "Security",
    "computer": "PC01.example.corp",
    "provider": "Microsoft-Windows-Security-Auditing",
    "event_data": {
      "SubjectUserSid": "S-1-5-21-3583694148-1414552638-2922671848-1000",
      "SubjectUserName": "IEUser",
      "SubjectDomainName": "PC01",
      "SubjectLogonId": "0x27df8",
      "ObjectType": "File",
      "IpAddress": "::1",
      "IpPort": "49160",
      "ShareName": "\\\\*\\C$",
      "ShareLocalPath": "\\??\\C:\\",
      "RelativeTargetName": "\\",
      "AccessMask": "0x100080",
      "AccessList": "%%1541\r\n\t\t\t\t%%4423",
      "AccessReason": "-"
    },
    "raw_event": {
      "#attributes": {
        "xmlns": "http://schemas.microsoft.com/win/2004/08/events/event"
      },
      "System": {
        "Provider": {
          "#attributes": {
            "Name": "Microsoft-Windows-Security-Auditing",
            "Guid": "54849625-5478-4994-A5BA-3E3B0328C30D"
          }
        },
        "EventID": 5145,
        "Version": 0,
        "Level": 0,
        "Task": 12811,
        "Opcode": 0,
        "Keywords": "0x8020000000000000",
        "TimeCreated": {
          "#attributes": {
            "SystemTime": "2019-02-16T18:19:18.442326Z"
          }
        },
        "EventRecordID": 237986,
        "Correlation": null,
        "Execution": {
          "#attributes": {
            "ProcessID": 528,
            "ThreadID": 548
          }
        },
        "Channel": "Security",
        "Computer": "PC01.example.corp",
        "Security": null
      },
      "EventData": {
        "SubjectUserSid": "S-1-5-21-3583694148-1414552638-2922671848-1000",
        "SubjectUserName": "IEUser",
        "SubjectDomainName": "PC01",
        "SubjectLogonId": "0x27df8",
        "ObjectType": "File",
        "IpAddress": "::1",
        "IpPort": "49160",
        "ShareName": "\\\\*\\C$",
        "ShareLocalPath": "\\??\\C:\\",
        "RelativeTargetName": "\\",
        "AccessMask": "0x100080",
        "AccessList": "%%1541\r\n\t\t\t\t%%4423",
        "AccessReason": "-"
      }
    }
  },
  {
    "event_record_id": 28,
    "@timestamp": "2019-02-16T18:19:18.442326Z",
    "event_id": 5145,
    "level": 0,
    "channel": "Security",
    "computer": "PC01.example.corp",
    "provider": "Microsoft-Windows-Security-Auditing",
    "event_data": {
      "SubjectUserSid": "S-1-5-21-3583694148-1414552638-2922671848-1000",
      "SubjectUserName": "IEUser",
      "SubjectDomainName": "PC01",
      "SubjectLogonId": "0x27df8",
      "ObjectType": "File",
      "IpAddress": "::1",
      "IpPort": "49160",
      "ShareName": "\\\\*\\C$",
      "ShareLocalPath": "\\??\\C:\\",
      "RelativeTargetName": "\\",
      "AccessMask": "0x100080",
      "AccessList": "%%1541\r\n\t\t\t\t%%4423",
      "AccessReason": "-"
    },
    "raw_event": {
      "#attributes": {
        "xmlns": "http://schemas.microsoft.com/win/2004/08/events/event"
      },
      "System": {
        "Provider": {
          "#attributes": {
            "Name": "Microsoft-Windows-Security-Auditing",
            "Guid": "54849625-5478-4994-A5BA-3E3B0328C30D"
          }
        },
        "EventID": 5145,
        "Version": 0,
        "Level": 0,
        "Task": 12811,
        "Opcode": 0,
        "Keywords": "0x8020000000000000",
        "TimeCreated": {
          "#attributes": {
            "SystemTime": "2019-02-16T18:19:18.442326Z"
          }
        },
        "EventRecordID": 237987,
        "Correlation": null,
        "Execution": {
          "#attributes": {
            "ProcessID": 528,
            "ThreadID": 548
          }
        },
        "Channel": "Security",
        "Computer": "PC01.example.corp",
        "Security": null
      },
      "EventData": {
        "SubjectUserSid": "S-1-5-21-3583694148-1414552638-2922671848-1000",
        "SubjectUserName": "IEUser",
        "SubjectDomainName": "PC01",
        "SubjectLogonId": "0x27df8",
        "ObjectType": "File",
        "IpAddress": "::1",
        "IpPort": "49160",
        "ShareName": "\\\\*\\C$",
        "ShareLocalPath": "\\??\\C:\\",
        "RelativeTargetName": "\\",
        "AccessMask": "0x100080",
        "AccessList": "%%1541\r\n\t\t\t\t%%4423",
        "AccessReason": "-"
      }
    }
  },
  {
    "event_record_id": 29,
    "@timestamp": "2019-02-16T18:19:18.442326Z",
    "event_id": 5145,
    "level": 0,
    "channel": "Security",
    "computer": "PC01.example.corp",
    "provider": "Microsoft-Windows-Security-Auditing",
    "event_data": {
      "SubjectUserSid": "S-1-5-21-3583694148-1414552638-2922671848-1000",
      "SubjectUserName": "IEUser",
      "SubjectDomainName": "PC01",
      "SubjectLogonId": "0x27df8",
      "ObjectType": "File",
      "IpAddress": "::1",
      "IpPort": "49160",
      "ShareName": "\\\\*\\C$",
      "ShareLocalPath": "\\??\\C:\\",
      "RelativeTargetName": "Windows\\System32\\RemComSvc.exe",
      "AccessMask": "0x80",
      "AccessList": "%%4423",
      "AccessReason": "-"
    },
    "raw_event": {
      "#attributes": {
        "xmlns": "http://schemas.microsoft.com/win/2004/08/events/event"
      },
      "System": {
        "Provider": {
          "#attributes": {
            "Name": "Microsoft-Windows-Security-Auditing",
            "Guid": "54849625-5478-4994-A5BA-3E3B0328C30D"
          }
        },
        "EventID": 5145,
        "Version": 0,
        "Level": 0,
        "Task": 12811,
        "Opcode": 0,
        "Keywords": "0x8020000000000000",
        "TimeCreated": {
          "#attributes": {
            "SystemTime": "2019-02-16T18:19:18.442326Z"
          }
        },
        "EventRecordID": 237988,
        "Correlation": null,
        "Execution": {
          "#attributes": {
            "ProcessID": 528,
            "ThreadID": 548
          }
        },
        "Channel": "Security",
        "Computer": "PC01.example.corp",
        "Security": null
      },
      "EventData": {
        "SubjectUserSid": "S-1-5-21-3583694148-1414552638-2922671848-1000",
        "SubjectUserName": "IEUser",
        "SubjectDomainName": "PC01",
        "SubjectLogonId": "0x27df8",
        "ObjectType": "File",
        "IpAddress": "::1",
        "IpPort": "49160",
        "ShareName": "\\\\*\\C$",
        "ShareLocalPath": "\\??\\C:\\",
        "RelativeTargetName": "Windows\\System32\\RemComSvc.exe",
        "AccessMask": "0x80",
        "AccessList": "%%4423",
        "AccessReason": "-"
      }
    }
  },
  {
    "event_record_id": 30,
    "@timestamp": "2019-02-16T18:19:18.522441Z",
    "event_id": 5145,
    "level": 0,
    "channel": "Security",
    "computer": "PC01.example.corp",
    "provider": "Microsoft-Windows-Security-Auditing",
    "event_data": {
      "SubjectUserSid": "S-1-5-21-3583694148-1414552638-2922671848-1000",
      "SubjectUserName": "IEUser",
      "SubjectDomainName": "PC01",
      "SubjectLogonId": "0x27df8",
      "ObjectType": "File",
      "IpAddress": "::1",
      "IpPort": "49160",
      "ShareName": "\\\\*\\C$",
      "ShareLocalPath": "\\??\\C:\\",
      "RelativeTargetName": "Windows\\System32\\RemComSvc.exe",
      "AccessMask": "0x80",
      "AccessList": "%%4423",
      "AccessReason": "-"
    },
    "raw_event": {
      "#attributes": {
        "xmlns": "http://schemas.microsoft.com/win/2004/08/events/event"
      },
      "System": {
        "Provider": {
          "#attributes": {
            "Name": "Microsoft-Windows-Security-Auditing",
            "Guid": "54849625-5478-4994-A5BA-3E3B0328C30D"
          }
        },
        "EventID": 5145,
        "Version": 0,
        "Level": 0,
        "Task": 12811,
        "Opcode": 0,
        "Keywords": "0x8020000000000000",
        "TimeCreated": {
          "#attributes": {
            "SystemTime": "2019-02-16T18:19:18.522441Z"
          }
        },
        "EventRecordID": 237989,
        "Correlation": null,
        "Execution": {
          "#attributes": {
            "ProcessID": 528,
            "ThreadID": 548
          }
        },
        "Channel": "Security",
        "Computer": "PC01.example.corp",
        "Security": null
      },
      "EventData": {
        "SubjectUserSid": "S-1-5-21-3583694148-1414552638-2922671848-1000",
        "SubjectUserName": "IEUser",
        "SubjectDomainName": "PC01",
        "SubjectLogonId": "0x27df8",
        "ObjectType": "File",
        "IpAddress": "::1",
        "IpPort": "49160",
        "ShareName": "\\\\*\\C$",
        "ShareLocalPath": "\\??\\C:\\",
        "RelativeTargetName": "Windows\\System32\\RemComSvc.exe",
        "AccessMask": "0x80",
        "AccessList": "%%4423",
        "AccessReason": "-"
      }
    }
  }
]